<?xml version="1.0" encoding="UTF-8"?>
<testng-results skipped="0" failed="0" ignored="0" total="1" passed="1">
  <reporter-output>
  </reporter-output>
  <suite name="Default suite" duration-ms="669856" started-at="2020-01-20T14:10:54 IST" finished-at="2020-01-20T14:22:03 IST">
    <groups>
    </groups>
    <test name="Default test" duration-ms="669856" started-at="2020-01-20T14:10:54 IST" finished-at="2020-01-20T14:22:03 IST">
      <class name="com.DriverFactory.java.Testefc">
        <test-method status="PASS" signature="loadbrowser()[pri:0, instance:com.DriverFactory.java.Testefc@18eed359]" name="loadbrowser" is-config="true" duration-ms="30219" started-at="2020-01-20T14:10:54 IST" finished-at="2020-01-20T14:11:24 IST">
          <reporter-output>
          </reporter-output>
        </test-method> <!-- loadbrowser -->
        <test-method status="PASS" signature="AppTest()[pri:0, instance:com.DriverFactory.java.Testefc@18eed359]" name="AppTest" duration-ms="638816" started-at="2020-01-20T14:11:24 IST" finished-at="2020-01-20T14:22:03 IST">
          <reporter-output>
          </reporter-output>
        </test-method> <!-- AppTest -->
      </class> <!-- com.DriverFactory.java.Testefc -->
    </test> <!-- Default test -->
  </suite> <!-- Default suite -->
</testng-results>
